SF:lib/form_layout/utils/commands.dart
DA:18,6
DA:20,6
DA:22,12
DA:23,2
DA:25,12
DA:28,1
DA:30,3
DA:39,6
DA:41,6
DA:43,12
DA:45,3
DA:47,12
DA:50,1
DA:52,2
DA:62,6
DA:64,6
DA:66,12
DA:68,0
DA:72,12
DA:73,12
DA:74,2
DA:77,18
DA:80,1
DA:82,3
DA:92,5
DA:94,5
DA:96,10
DA:98,0
DA:102,10
DA:103,10
DA:104,1
DA:107,15
DA:110,1
DA:112,3
DA:122,2
DA:124,2
DA:126,4
DA:128,0
DA:132,4
DA:133,4
DA:134,0
DA:137,6
DA:140,1
DA:142,3
DA:151,5
DA:153,5
DA:155,10
DA:158,1
DA:160,2
LF:49
LH:45
end_of_record
SF:lib/form_layout/models/layout_state.dart
DA:9,18
DA:12,18
DA:14,72
DA:15,54
DA:16,0
DA:20,36
DA:21,36
DA:22,1
DA:23,2
DA:29,54
DA:30,66
DA:31,36
DA:32,1
DA:33,5
DA:40,5
DA:41,5
DA:43,5
DA:47,9
DA:49,18
DA:54,46
DA:59,16
DA:60,7
DA:68,9
DA:69,9
DA:70,2
DA:73,9
DA:74,9
DA:75,27
DA:79,7
DA:80,42
DA:83,28
DA:87,7
DA:88,7
DA:93,7
DA:95,35
DA:96,14
DA:97,2
DA:101,14
DA:102,0
DA:106,14
DA:107,7
DA:110,14
DA:111,1
DA:115,8
DA:116,1
DA:117,0
DA:122,14
DA:123,7
DA:125,7
DA:126,7
DA:131,8
DA:133,40
DA:139,6
DA:141,6
DA:142,8
DA:143,6
DA:145,6
DA:151,1
DA:152,3
DA:153,2
DA:154,1
DA:157,1
DA:158,1
DA:159,1
DA:160,2
DA:161,2
DA:163,4
DA:164,1
DA:165,1
DA:166,1
DA:167,1
DA:168,1
DA:169,1
DA:170,1
DA:174,1
DA:175,1
DA:176,2
DA:177,2
DA:180,3
DA:181,1
DA:182,1
DA:183,1
DA:184,1
DA:185,1
DA:186,1
DA:187,1
DA:189,1
DA:191,1
DA:197,1
DA:206,1
DA:207,1
DA:208,1
DA:212,5
DA:215,2
DA:216,6
DA:217,6
DA:218,10
DA:219,6
DA:221,2
DA:222,6
DA:223,4
DA:224,0
DA:229,0
DA:230,0
DA:232,0
DA:234,0
LF:106
LH:98
end_of_record
SF:lib/form_layout/models/widget_placement.dart
DA:12,22
DA:19,44
DA:20,44
DA:21,44
DA:22,44
DA:23,44
DA:24,44
DA:26,2
DA:27,10
DA:30,19
DA:31,38
DA:32,38
DA:33,95
DA:34,95
DA:37,13
DA:40,39
DA:41,39
DA:42,39
DA:43,39
DA:46,26
DA:47,22
DA:48,16
DA:49,14
DA:52,8
DA:60,8
DA:61,8
DA:62,8
DA:63,7
DA:64,7
DA:65,8
DA:66,8
DA:70,9
DA:73,3
DA:74,9
DA:75,9
DA:76,6
DA:77,6
DA:78,6
DA:79,6
DA:80,6
DA:82,1
DA:84,3
DA:85,3
DA:86,3
DA:87,3
DA:88,3
DA:89,2
DA:91,2
DA:93,6
DA:94,8
LF:50
LH:50
end_of_record
SF:lib/form_layout/models/grid_dimensions.dart
DA:10,63
DA:14,15
DA:18,15
DA:22,1
DA:26,2
DA:27,1
DA:31,2
DA:32,1
DA:36,1
DA:39,1
DA:43,1
DA:44,1
DA:45,1
DA:49,11
DA:52,2
DA:53,6
DA:54,6
DA:55,6
DA:57,1
DA:58,5
DA:60,1
DA:62,3
LF:22
LH:22
end_of_record
SF:lib/form_layout/hooks/use_form_layout.dart
DA:21,7
DA:25,12
DA:28,12
DA:31,3
DA:34,3
DA:37,12
DA:40,9
DA:43,8
DA:46,5
DA:48,15
DA:51,20
DA:52,2
DA:56,10
DA:59,10
DA:60,5
DA:61,5
DA:64,2
DA:70,5
DA:71,5
DA:72,5
DA:76,5
DA:77,10
DA:79,2
DA:82,5
DA:83,5
DA:86,10
DA:87,2
DA:91,10
DA:92,10
DA:96,1
DA:97,2
DA:99,2
DA:102,1
DA:103,1
DA:107,5
DA:108,10
DA:110,2
DA:113,5
DA:114,5
DA:115,5
DA:119,4
DA:120,8
DA:122,2
DA:125,4
DA:126,4
DA:127,4
DA:131,5
DA:132,5
DA:133,5
DA:137,4
DA:138,12
DA:139,4
DA:143,1
DA:144,2
DA:145,1
DA:149,1
DA:150,2
DA:151,1
DA:155,1
DA:156,2
DA:157,1
DA:161,1
DA:162,2
DA:163,1
DA:167,4
DA:168,8
DA:170,12
DA:173,12
DA:174,4
DA:179,3
DA:180,6
DA:182,9
DA:185,12
DA:186,0
DA:190,9
DA:191,3
DA:196,1
DA:197,2
DA:198,2
DA:199,1
DA:203,0
DA:206,0
DA:209,0
DA:212,5
DA:213,10
DA:214,5
DA:217,5
DA:219,5
DA:224,5
DA:225,10
DA:230,6
DA:231,12
DA:235,6
DA:240,6
DA:241,6
DA:247,6
DA:249,6
DA:250,36
DA:251,18
DA:254,6
DA:256,6
DA:259,6
DA:261,18
DA:262,12
DA:263,6
DA:266,6
DA:267,12
DA:270,0
LF:108
LH:103
end_of_record
SF:lib/form_layout/widgets/keyboard_handler.dart
DA:20,2
DA:27,2
DA:28,2
DA:34,2
DA:36,4
DA:37,2
DA:40,2
DA:42,2
DA:43,2
DA:44,2
DA:45,2
DA:46,1
DA:47,2
DA:49,2
DA:50,8
DA:51,1
DA:52,1
DA:53,2
DA:58,4
DA:64,1
DA:65,1
DA:69,2
DA:70,2
DA:71,2
DA:72,2
DA:73,2
DA:74,2
DA:77,2
DA:83,1
DA:88,1
DA:93,1
DA:98,0
DA:104,1
DA:105,1
DA:106,1
DA:108,1
DA:110,1
DA:114,1
DA:116,3
DA:117,3
DA:118,1
DA:119,1
DA:124,3
DA:125,1
DA:126,1
DA:132,1
DA:133,1
DA:134,1
DA:135,1
DA:138,2
DA:148,1
DA:150,2
DA:151,2
DA:152,3
DA:154,3
DA:155,1
DA:156,1
DA:157,1
DA:165,1
DA:166,1
DA:169,3
DA:170,2
DA:173,3
DA:174,2
DA:178,1
DA:180,3
DA:181,2
DA:184,1
DA:186,3
DA:188,1
DA:189,1
DA:190,1
DA:191,1
DA:196,1
DA:199,0
DA:200,0
DA:201,0
DA:202,0
DA:203,0
DA:208,1
DA:210,3
DA:211,1
DA:212,1
DA:222,1
DA:223,3
DA:226,4
DA:229,1
DA:230,1
DA:232,0
DA:234,0
DA:238,1
DA:240,0
DA:242,1
DA:246,1
DA:248,2
DA:250,0
DA:254,1
DA:256,1
DA:258,1
DA:267,1
DA:268,4
DA:269,1
DA:271,3
DA:274,5
DA:275,1
DA:276,1
DA:277,3
DA:282,0
DA:283,0
DA:285,0
DA:286,0
DA:287,0
DA:288,0
DA:293,0
DA:295,0
DA:296,0
DA:297,0
DA:298,0
DA:302,1
DA:303,4
DA:304,1
DA:306,3
DA:309,0
DA:310,0
DA:311,0
DA:312,0
DA:317,4
DA:318,2
DA:320,0
DA:321,0
DA:322,0
DA:323,0
DA:328,2
DA:330,5
DA:331,1
DA:332,1
DA:333,3
DA:337,1
DA:338,3
DA:341,5
DA:342,9
DA:343,1
DA:344,1
DA:345,7
DA:351,4
DA:358,5
DA:359,2
DA:361,3
DA:362,3
DA:363,4
DA:367,1
DA:368,1
DA:370,1
DA:371,0
DA:373,1
DA:374,0
DA:376,1
DA:377,1
DA:381,1
DA:388,4
DA:389,1
DA:390,1
DA:391,2
DA:396,1
DA:397,3
DA:398,8
DA:399,3
DA:400,8
DA:402,4
DA:403,4
DA:404,1
DA:405,1
DA:406,1
DA:407,1
DA:408,1
DA:414,1
DA:415,4
DA:417,1
DA:418,1
DA:420,1
DA:421,3
DA:422,4
DA:425,1
DA:426,3
DA:427,4
DA:430,4
DA:431,4
DA:432,1
DA:433,1
DA:434,1
DA:435,1
DA:436,3
DA:443,1
DA:445,4
DA:449,4
DA:452,1
DA:454,5
DA:456,5
DA:458,5
DA:460,5
DA:463,2
DA:464,2
DA:465,2
DA:466,5
DA:467,5
DA:469,1
DA:470,4
DA:471,1
DA:472,1
DA:473,1
DA:474,1
DA:475,1
DA:479,3
DA:480,4
DA:489,0
LF:215
LH:183
end_of_record
SF:lib/form_layout/intents/form_layout_intents.dart
DA:14,3
DA:25,5
DA:38,4
DA:52,3
DA:63,17
DA:73,3
DA:80,23
DA:85,22
DA:90,23
DA:98,3
DA:108,1
DA:118,1
DA:128,1
DA:138,1
DA:145,8
LF:15
LH:15
end_of_record
SF:lib/form_layout/models/toolbox_item.dart
DA:33,10
DA:40,20
DA:41,20
DA:42,20
DA:43,20
DA:45,3
DA:48,1
DA:49,3
DA:50,3
DA:51,3
DA:52,3
DA:53,3
DA:54,3
DA:55,3
DA:57,1
DA:59,3
DA:60,3
DA:61,3
DA:62,3
DA:63,3
DA:64,2
DA:66,1
DA:68,3
DA:69,2
DA:77,7
DA:78,7
DA:80,28
DA:81,21
DA:82,1
DA:87,1
DA:89,5
DA:96,3
DA:97,6
DA:98,3
DA:101,2
DA:102,1
DA:103,1
DA:104,1
DA:107,1
DA:109,1
DA:110,1
DA:112,1
DA:116,0
DA:117,0
DA:118,0
DA:119,0
DA:120,0
DA:122,0
DA:123,0
DA:125,0
DA:132,3
DA:135,2
DA:136,1
DA:138,1
DA:141,1
DA:143,1
DA:144,1
DA:146,2
DA:150,0
DA:151,0
DA:153,0
DA:155,0
DA:156,0
DA:158,0
DA:165,3
DA:168,2
DA:169,1
DA:170,2
DA:171,1
DA:174,1
DA:176,1
DA:177,1
DA:179,1
DA:183,0
DA:185,0
DA:187,0
DA:189,0
DA:196,3
DA:199,2
DA:200,1
DA:201,1
DA:202,1
DA:205,1
DA:207,1
DA:208,1
DA:210,1
DA:214,0
DA:216,0
DA:217,0
DA:218,0
DA:220,0
DA:227,3
DA:230,2
DA:231,1
DA:232,1
DA:233,1
DA:236,1
DA:238,1
DA:239,1
DA:241,1
DA:245,0
DA:246,0
DA:247,0
DA:248,0
DA:251,0
DA:252,0
DA:253,0
DA:254,0
DA:256,0
DA:263,3
DA:266,2
DA:267,1
DA:268,1
DA:269,1
DA:272,1
DA:274,1
DA:275,1
DA:277,1
DA:281,0
DA:283,0
DA:286,0
DA:287,0
DA:289,0
DA:290,0
DA:292,0
DA:296,0
DA:298,0
DA:299,0
DA:301,0
DA:310,3
DA:313,2
DA:314,1
DA:315,1
DA:316,1
DA:319,1
DA:321,1
DA:322,1
DA:324,1
DA:328,0
DA:329,0
DA:330,0
DA:331,0
DA:332,0
DA:335,0
DA:337,0
DA:339,0
LF:146
LH:95
end_of_record
SF:lib/form_layout/models/animation_settings.dart
DA:32,267
DA:45,33
DA:57,2
DA:58,2
DA:59,2
DA:69,9
DA:70,9
DA:73,9
DA:74,8
DA:75,9
DA:76,9
DA:77,9
DA:78,9
DA:79,0
DA:80,0
DA:81,0
DA:86,1
DA:87,1
DA:90,1
DA:91,1
DA:92,1
DA:93,1
DA:95,1
LF:23
LH:20
end_of_record
SF:lib/form_layout/utils/accessibility_utils.dart
DA:9,0
DA:18,8
DA:19,48
DA:20,16
DA:24,8
DA:32,1
DA:33,3
DA:37,2
DA:38,2
DA:42,1
DA:43,2
DA:47,1
DA:48,1
DA:49,2
DA:53,1
DA:54,1
DA:55,1
DA:56,1
DA:57,1
DA:58,3
DA:62,1
DA:63,3
DA:64,3
DA:65,3
DA:66,5
DA:70,1
DA:71,6
DA:92,3
DA:101,2
DA:103,2
DA:104,2
DA:105,2
DA:106,2
DA:107,2
DA:108,2
DA:109,2
DA:110,2
DA:111,2
DA:112,2
DA:113,2
DA:115,4
DA:136,8
DA:144,8
DA:146,8
DA:147,24
DA:149,8
DA:150,8
DA:153,2
DA:154,2
DA:155,2
DA:159,4
DA:161,2
DA:177,0
DA:184,0
DA:186,0
DA:188,0
DA:189,0
DA:190,0
DA:192,0
DA:194,0
DA:195,0
DA:196,0
DA:198,0
DA:199,0
DA:208,0
LF:65
LH:51
end_of_record
SF:lib/form_layout/widgets/accessible_grid_widget.dart
DA:41,7
DA:55,7
DA:56,7
DA:64,7
DA:66,7
DA:67,21
DA:70,7
DA:72,21
DA:73,14
DA:74,7
DA:77,0
DA:78,0
DA:79,0
DA:80,0
DA:82,0
DA:83,0
DA:84,0
DA:85,0
DA:91,0
DA:92,0
DA:96,0
DA:99,0
DA:100,0
DA:101,0
DA:102,0
DA:103,0
DA:104,0
DA:105,0
DA:106,0
DA:107,0
DA:108,0
DA:112,0
DA:113,0
DA:115,0
DA:120,0
DA:121,0
DA:122,0
DA:123,0
DA:124,0
DA:125,0
DA:133,0
DA:134,0
DA:136,0
DA:137,0
DA:138,0
DA:142,0
DA:143,0
DA:147,0
DA:149,0
DA:152,0
DA:155,7
DA:158,14
DA:159,7
DA:160,0
DA:162,0
DA:167,14
DA:168,7
DA:169,0
DA:171,0
DA:174,7
DA:175,7
DA:176,0
DA:177,7
DA:179,49
DA:182,7
DA:183,0
DA:185,0
DA:187,7
DA:189,0
DA:190,0
DA:191,0
DA:194,7
DA:195,14
DA:196,14
DA:197,14
DA:198,14
DA:201,0
DA:202,0
DA:206,0
DA:208,14
DA:209,14
DA:232,7
DA:240,7
DA:242,21
DA:243,14
DA:244,42
DA:245,7
DA:247,7
DA:251,7
LF:89
LH:36
end_of_record
SF:lib/form_layout/widgets/animated_grid_widget.dart
DA:36,7
DA:49,7
DA:50,7
DA:61,7
DA:63,7
DA:66,14
DA:67,21
DA:71,14
DA:74,14
DA:75,7
DA:76,21
DA:79,14
DA:80,14
DA:84,1
DA:86,1
DA:89,4
DA:90,0
DA:91,0
DA:93,0
DA:98,4
DA:99,0
DA:103,0
DA:104,0
DA:107,0
DA:110,0
DA:111,0
DA:112,0
DA:113,0
DA:114,0
DA:115,0
DA:116,0
DA:121,0
DA:122,0
DA:123,0
DA:124,0
DA:125,0
DA:129,0
DA:132,0
DA:134,0
DA:137,0
DA:138,0
DA:139,0
DA:144,7
DA:146,14
DA:147,14
DA:148,0
DA:150,7
DA:153,7
DA:157,7
DA:159,35
DA:160,4
DA:161,2
DA:163,0
DA:164,0
DA:171,21
DA:173,7
DA:174,14
DA:175,7
DA:176,14
DA:178,7
DA:179,7
DA:180,7
DA:181,14
DA:182,35
DA:183,14
DA:184,14
DA:186,14
DA:188,14
DA:196,0
DA:197,0
DA:198,0
DA:199,0
DA:200,0
DA:201,0
DA:202,0
DA:203,0
DA:208,7
DA:209,21
DA:210,21
DA:227,7
DA:238,7
DA:240,7
DA:241,28
DA:242,28
DA:245,14
DA:246,14
DA:249,14
DA:250,0
DA:251,0
DA:252,0
DA:254,0
DA:255,0
DA:256,0
DA:258,0
DA:259,0
DA:260,0
DA:265,0
DA:270,21
DA:271,4
DA:272,4
DA:275,8
DA:276,2
DA:277,2
DA:278,2
DA:279,4
DA:285,8
DA:286,2
DA:287,2
DA:288,2
DA:289,4
DA:295,2
DA:296,4
DA:300,4
DA:302,12
DA:303,12
DA:304,6
DA:305,6
DA:306,6
DA:307,3
DA:308,3
DA:309,3
LF:121
LH:75
end_of_record
SF:lib/form_layout/widgets/accessible_placed_widget.dart
DA:51,7
DA:68,7
DA:69,7
DA:76,7
DA:78,7
DA:79,21
DA:82,7
DA:84,21
DA:85,14
DA:86,7
DA:89,0
DA:90,0
DA:91,0
DA:96,0
DA:97,0
DA:99,0
DA:102,0
DA:106,0
DA:107,0
DA:108,0
DA:110,0
DA:111,0
DA:112,0
DA:116,0
DA:117,0
DA:118,0
DA:120,0
DA:121,0
DA:122,0
DA:123,0
DA:124,0
DA:128,0
DA:129,0
DA:130,0
DA:138,0
DA:139,0
DA:140,0
DA:141,0
DA:142,0
DA:143,0
DA:149,0
DA:150,0
DA:151,0
DA:152,0
DA:153,0
DA:154,0
DA:162,7
DA:164,21
DA:165,21
DA:167,7
DA:168,14
DA:169,14
DA:170,14
DA:171,14
DA:172,14
DA:173,14
DA:174,14
DA:175,14
DA:176,14
DA:177,14
DA:178,14
DA:179,14
DA:180,14
DA:184,7
DA:185,7
DA:186,0
DA:187,7
DA:188,7
DA:194,7
DA:197,14
DA:198,14
DA:199,14
LF:72
LH:35
end_of_record
SF:lib/form_layout/widgets/animated_placed_widget.dart
DA:47,7
DA:64,7
DA:65,7
DA:82,7
DA:84,7
DA:87,14
DA:88,21
DA:92,14
DA:93,21
DA:95,14
DA:96,7
DA:97,21
DA:100,14
DA:103,14
DA:104,7
DA:109,14
DA:110,21
DA:114,14
DA:117,14
DA:118,7
DA:119,21
DA:123,14
DA:124,21
DA:128,14
DA:131,14
DA:132,7
DA:133,21
DA:136,14
DA:139,14
DA:140,7
DA:145,14
DA:150,14
DA:153,14
DA:154,7
DA:159,21
DA:160,14
DA:162,0
DA:166,26
DA:167,8
DA:168,8
DA:172,14
DA:173,0
DA:174,0
DA:179,1
DA:181,1
DA:184,4
DA:185,0
DA:186,0
DA:187,0
DA:188,0
DA:191,0
DA:192,0
DA:193,0
DA:198,2
DA:199,0
DA:200,0
DA:202,0
DA:207,7
DA:209,14
DA:210,14
DA:211,14
DA:212,14
DA:213,7
DA:216,7
DA:218,7
DA:219,14
DA:220,14
DA:221,14
DA:222,14
DA:223,14
DA:224,14
DA:225,14
DA:226,14
DA:227,22
DA:228,14
DA:232,21
DA:234,14
DA:235,0
DA:236,0
DA:237,0
DA:238,0
DA:239,0
DA:240,0
DA:248,7
DA:249,7
DA:250,14
DA:251,14
DA:252,7
DA:253,14
DA:261,14
DA:262,4
DA:263,16
DA:264,4
DA:265,16
DA:266,4
DA:267,12
DA:278,7
DA:279,21
DA:280,21
LF:99
LH:80
end_of_record
SF:lib/form_layout/widgets/animated_drag_feedback.dart
DA:18,1
DA:26,0
DA:27,0
DA:36,0
DA:38,0
DA:40,0
DA:41,0
DA:45,0
DA:47,0
DA:48,0
DA:49,0
DA:50,0
DA:53,0
DA:55,0
DA:56,0
DA:57,0
DA:61,0
DA:62,0
DA:64,0
DA:68,0
DA:70,0
DA:71,0
DA:74,0
DA:76,0
DA:77,0
DA:78,0
DA:79,0
DA:80,0
DA:81,0
DA:86,0
DA:87,0
DA:88,0
DA:89,0
DA:90,0
DA:91,0
DA:92,0
DA:97,0
DA:99,0
DA:122,5
DA:131,5
DA:132,5
DA:141,5
DA:143,5
DA:145,10
DA:146,15
DA:150,10
DA:152,10
DA:153,10
DA:154,5
DA:155,15
DA:158,10
DA:161,10
DA:162,5
DA:163,15
DA:166,10
DA:167,0
DA:171,0
DA:173,0
DA:175,0
DA:176,0
DA:177,0
DA:179,0
DA:184,5
DA:186,10
DA:187,5
DA:190,5
DA:192,15
DA:193,0
DA:194,0
DA:195,0
DA:196,0
DA:198,0
DA:201,5
DA:202,5
DA:203,5
DA:204,5
DA:205,10
DA:206,10
DA:207,0
DA:208,0
DA:209,0
DA:210,0
DA:218,10
LF:83
LH:30
end_of_record
SF:lib/form_layout/widgets/grid_widget.dart
DA:35,1
DA:50,1
DA:52,3
DA:53,3
DA:54,2
DA:60,1
DA:61,1
DA:68,1
DA:70,1
DA:71,2
DA:72,2
DA:73,1
DA:76,1
DA:78,1
DA:79,4
DA:80,1
DA:84,1
DA:85,2
DA:88,6
DA:89,2
DA:90,5
DA:91,3
DA:92,2
DA:93,2
DA:98,2
DA:99,2
DA:100,1
DA:104,1
DA:108,2
DA:109,2
DA:110,1
DA:115,1
DA:117,3
DA:118,1
DA:120,1
DA:123,1
DA:125,1
DA:126,2
DA:127,2
DA:128,2
DA:129,1
DA:131,1
DA:132,2
DA:133,1
DA:134,2
DA:135,1
DA:136,1
DA:137,1
DA:138,2
DA:139,2
DA:142,1
DA:143,1
DA:144,1
DA:145,3
DA:146,2
DA:148,1
DA:149,3
DA:150,2
DA:154,1
DA:162,1
DA:163,1
DA:164,5
DA:165,2
DA:166,5
DA:167,2
DA:168,2
DA:171,1
DA:175,1
DA:176,1
DA:178,5
DA:179,5
DA:180,1
DA:181,3
DA:182,2
DA:186,3
DA:190,1
DA:191,1
DA:192,1
DA:193,2
DA:194,2
DA:195,1
DA:196,1
DA:197,5
DA:198,5
DA:222,1
DA:234,1
DA:236,1
DA:237,1
DA:238,1
DA:239,1
DA:241,3
DA:242,1
DA:244,3
DA:252,2
DA:253,1
DA:254,1
DA:256,1
DA:257,1
DA:258,1
DA:259,1
DA:260,1
DA:261,2
DA:262,5
DA:272,2
LF:104
LH:104
end_of_record
SF:lib/form_layout/widgets/placed_widget.dart
DA:59,8
DA:79,8
DA:80,8
DA:89,8
DA:91,8
DA:92,16
DA:96,16
DA:99,16
DA:100,8
DA:105,8
DA:107,16
DA:108,8
DA:111,8
DA:113,8
DA:115,16
DA:116,16
DA:117,16
DA:122,8
DA:127,8
DA:128,16
DA:129,16
DA:133,8
DA:135,8
DA:137,8
DA:138,16
DA:139,8
DA:140,8
DA:141,8
DA:142,16
DA:143,5
DA:144,5
DA:148,8
DA:156,16
DA:157,2
DA:165,0
DA:166,0
DA:167,0
DA:168,0
DA:174,16
DA:176,8
DA:177,8
DA:178,8
DA:179,8
DA:180,16
DA:188,8
DA:189,16
DA:190,8
DA:191,16
DA:192,16
DA:193,16
DA:195,8
DA:196,0
DA:197,0
DA:198,0
DA:200,0
DA:201,0
DA:202,0
DA:204,0
DA:214,32
DA:215,5
DA:217,10
DA:218,10
DA:221,10
DA:222,8
DA:225,5
DA:235,5
DA:236,5
DA:237,5
DA:239,10
DA:240,10
DA:241,10
DA:242,10
DA:244,5
DA:246,10
DA:247,10
DA:248,10
DA:249,10
DA:251,5
DA:253,10
DA:254,10
DA:255,10
DA:256,10
DA:258,5
DA:260,10
DA:261,10
DA:262,10
DA:263,10
DA:265,5
DA:267,10
DA:268,10
DA:269,10
DA:270,10
DA:272,5
DA:274,10
DA:275,10
DA:276,10
DA:277,10
DA:279,5
DA:281,10
DA:282,10
DA:283,10
DA:284,10
DA:286,5
DA:288,10
DA:289,10
DA:290,10
DA:291,10
DA:297,4
DA:298,4
DA:301,4
DA:303,4
DA:305,4
DA:307,4
DA:308,1
DA:310,3
DA:313,1
DA:314,1
DA:315,4
DA:318,4
DA:319,4
DA:322,4
DA:324,4
DA:356,8
DA:364,0
DA:367,0
DA:368,0
DA:369,0
DA:373,0
DA:375,0
DA:377,0
DA:378,0
DA:379,0
DA:380,0
DA:387,0
DA:388,0
LF:135
LH:112
end_of_record
SF:lib/form_layout/widgets/grid_container.dart
DA:73,7
DA:97,7
DA:99,7
DA:100,14
DA:101,21
DA:102,7
DA:103,7
DA:104,7
DA:106,7
DA:107,7
DA:108,14
DA:109,7
DA:110,7
DA:111,7
DA:112,7
DA:116,7
DA:117,7
DA:118,7
DA:119,21
DA:120,14
DA:122,7
DA:123,21
DA:124,14
DA:126,7
DA:127,7
DA:128,7
DA:136,7
DA:137,7
DA:138,35
DA:139,14
DA:140,35
DA:141,14
DA:142,14
DA:145,7
DA:149,7
DA:150,28
DA:152,21
DA:156,7
DA:157,2
DA:159,21
DA:160,21
DA:161,21
DA:164,7
DA:165,1
DA:168,2
DA:170,7
DA:174,7
DA:177,7
DA:178,11
DA:179,11
DA:181,14
DA:183,7
DA:187,7
DA:189,22
DA:190,12
DA:194,6
DA:195,36
DA:196,36
DA:197,12
DA:200,6
DA:204,1
DA:205,1
DA:206,1
DA:207,1
DA:208,2
DA:209,1
DA:211,1
DA:212,1
DA:214,1
DA:215,1
DA:217,1
DA:221,1
DA:223,1
DA:224,1
LF:74
LH:74
end_of_record
SF:lib/form_layout/widgets/resize_handle.dart
DA:28,6
DA:37,6
DA:39,6
DA:40,6
DA:42,6
DA:43,6
DA:45,6
DA:46,6
DA:48,6
DA:49,6
DA:72,6
DA:81,6
DA:82,6
DA:88,6
DA:90,6
DA:92,6
DA:96,6
DA:100,6
DA:101,18
DA:102,0
DA:103,0
DA:104,6
DA:105,6
DA:106,18
DA:107,12
DA:108,12
DA:110,6
DA:111,6
DA:112,0
DA:113,0
DA:114,0
DA:115,0
DA:116,0
DA:119,0
DA:120,0
DA:121,0
DA:122,0
DA:123,0
DA:124,0
DA:126,0
DA:129,0
DA:130,0
DA:132,12
DA:136,12
DA:137,6
DA:138,6
DA:139,6
DA:140,6
DA:143,6
DA:144,6
DA:145,6
DA:148,6
DA:150,6
DA:151,6
DA:152,6
DA:153,6
DA:156,6
DA:157,6
DA:160,6
DA:161,6
DA:163,6
DA:164,6
DA:167,6
DA:168,6
DA:170,6
DA:171,6
DA:172,6
DA:173,6
DA:176,6
DA:177,6
DA:178,6
DA:181,6
DA:183,6
DA:184,6
DA:185,6
DA:186,6
DA:193,6
DA:194,6
DA:197,6
DA:199,6
DA:200,12
DA:201,6
DA:205,6
DA:206,6
DA:207,6
DA:208,6
LF:86
LH:70
end_of_record
SF:lib/main.dart
DA:3,0
DA:4,0
DA:8,2
DA:10,1
DA:12,1
DA:14,1
DA:15,1
DA:24,1
DA:26,1
DA:28,1
DA:29,1
DA:30,3
LF:12
LH:10
end_of_record
SF:lib/form_layout/intents/form_layout_actions.dart
DA:11,3
DA:13,2
DA:16,2
DA:17,10
DA:18,4
DA:19,4
DA:20,4
DA:21,4
DA:22,4
DA:25,4
DA:28,0
DA:38,3
DA:40,2
DA:43,6
DA:46,0
DA:56,3
DA:58,2
DA:61,4
DA:62,2
DA:63,4
DA:64,4
DA:68,0
DA:78,3
DA:80,1
DA:83,2
DA:84,1
DA:85,3
DA:86,3
DA:90,0
DA:100,3
DA:102,2
DA:105,6
DA:108,0
DA:118,3
DA:120,2
DA:123,6
DA:126,0
DA:136,3
DA:138,2
DA:140,4
DA:141,4
DA:152,3
DA:154,1
DA:156,2
DA:157,2
DA:168,3
DA:170,2
DA:173,4
DA:176,0
DA:186,3
DA:188,1
DA:191,4
DA:195,3
DA:198,1
DA:200,5
DA:202,5
DA:204,5
DA:206,5
DA:209,2
DA:210,2
DA:211,2
DA:212,5
DA:213,5
DA:215,1
DA:216,4
DA:217,1
DA:218,1
DA:219,1
DA:220,1
DA:221,1
DA:225,2
DA:226,3
DA:237,0
DA:247,2
DA:249,0
DA:252,0
DA:255,0
DA:265,2
DA:267,0
DA:270,0
DA:273,0
DA:283,2
DA:285,0
DA:288,0
DA:291,0
DA:301,2
DA:303,0
DA:306,0
DA:309,0
DA:319,2
DA:321,0
DA:324,0
DA:327,0
LF:93
LH:70
end_of_record
SF:lib/form_layout/models/validation_hooks.dart
DA:55,6
DA:67,1
DA:74,1
DA:75,1
DA:76,1
DA:77,1
DA:78,1
DA:79,1
DA:84,1
DA:85,1
DA:86,3
DA:87,3
DA:88,3
DA:89,3
DA:90,3
DA:94,1
DA:101,1
DA:102,1
DA:103,1
DA:105,1
DA:110,1
DA:117,0
DA:118,0
DA:119,0
DA:121,0
DA:126,1
DA:133,0
DA:134,0
DA:135,0
DA:137,0
DA:142,1
DA:149,0
DA:150,0
DA:151,0
DA:153,0
DA:158,1
DA:165,0
DA:166,0
DA:167,0
DA:169,0
DA:178,1
DA:182,1
DA:183,2
DA:189,1
DA:194,1
DA:195,2
DA:201,1
DA:206,1
DA:207,2
DA:213,1
DA:217,1
DA:218,2
DA:224,1
DA:228,1
DA:229,2
LF:55
LH:39
end_of_record
SF:lib/form_layout/models/validation_result.dart
DA:30,0
DA:36,0
DA:41,12
DA:48,5
DA:53,5
DA:58,4
DA:63,4
DA:66,3
DA:69,4
DA:71,1
DA:72,4
DA:74,1
DA:77,1
DA:78,3
DA:79,3
DA:80,3
DA:81,3
DA:82,3
DA:84,1
DA:86,3
DA:87,3
DA:88,3
DA:89,1
DA:95,1
DA:96,1
DA:99,4
DA:100,1
DA:102,3
DA:103,3
DA:104,1
DA:105,1
DA:109,4
DA:110,1
DA:112,3
DA:113,3
DA:114,1
DA:115,1
DA:119,4
DA:120,1
DA:122,3
DA:123,3
DA:124,1
DA:125,1
LF:43
LH:41
end_of_record
SF:lib/form_layout/widgets/form_layout_action_dispatcher.dart
DA:17,2
DA:23,2
DA:25,2
DA:26,2
DA:28,4
DA:29,4
DA:30,4
DA:31,4
DA:32,4
DA:33,4
DA:36,4
DA:39,4
DA:40,4
DA:41,4
DA:44,4
DA:47,4
DA:48,4
DA:49,4
DA:50,4
DA:52,2
DA:60,1
DA:61,1
DA:66,0
DA:67,0
DA:74,1
DA:75,3
DA:82,1
DA:83,3
DA:89,1
DA:90,3
DA:97,0
DA:98,0
DA:105,1
DA:106,3
DA:112,0
DA:113,0
DA:119,0
DA:120,0
DA:126,0
DA:127,0
DA:131,0
DA:132,0
DA:136,0
DA:137,0
DA:141,0
DA:142,0
DA:148,0
DA:149,0
DA:155,0
DA:156,0
DA:162,0
DA:163,0
DA:169,0
DA:170,0
LF:54
LH:30
end_of_record
SF:lib/form_layout/validators/layout_validator.dart
DA:11,1
DA:16,2
DA:17,3
DA:18,3
DA:20,3
DA:21,2
DA:23,2
DA:24,1
DA:26,2
DA:32,3
DA:33,2
DA:35,2
DA:36,1
DA:38,2
DA:46,1
DA:47,3
DA:48,1
DA:50,1
DA:52,5
DA:53,1
DA:55,2
DA:57,2
DA:58,1
DA:66,6
DA:67,1
DA:68,2
DA:69,1
DA:71,1
DA:80,1
DA:85,1
DA:87,1
DA:88,1
DA:89,1
DA:93,1
DA:94,1
DA:95,1
DA:99,2
DA:100,1
DA:102,1
DA:105,1
DA:111,1
DA:112,5
DA:113,1
DA:115,1
DA:116,1
DA:118,1
DA:130,1
DA:135,1
DA:137,1
DA:138,1
DA:139,1
DA:144,4
DA:145,1
DA:147,1
DA:154,1
DA:155,2
DA:156,2
DA:160,2
DA:161,1
DA:163,1
DA:166,1
DA:172,1
DA:173,5
DA:174,1
DA:176,1
DA:177,1
DA:179,1
DA:191,1
DA:196,1
DA:197,3
DA:198,1
DA:200,1
DA:206,8
DA:207,1
DA:209,1
DA:210,4
DA:211,1
DA:213,1
DA:220,1
DA:224,1
DA:226,1
DA:227,1
DA:228,1
DA:237,1
DA:241,4
DA:242,0
DA:244,0
DA:251,1
DA:252,1
DA:254,1
DA:265,1
DA:269,1
DA:270,1
DA:272,1
LF:94
LH:92
end_of_record
SF:lib/form_layout/form_layout.dart
DA:52,1
DA:67,1
DA:70,1
DA:71,1
DA:74,1
DA:75,2
DA:79,1
DA:83,2
DA:84,1
DA:86,1
DA:88,2
DA:89,3
DA:90,2
DA:93,1
DA:96,2
DA:99,4
DA:100,1
DA:103,1
DA:105,1
DA:107,1
DA:117,1
DA:118,1
DA:119,1
DA:127,1
DA:133,1
DA:134,1
DA:135,1
DA:138,0
DA:140,0
DA:142,0
DA:151,1
DA:152,1
DA:153,1
DA:154,1
DA:155,1
DA:158,1
DA:160,1
DA:163,1
DA:164,1
DA:165,1
DA:167,1
DA:168,1
DA:169,2
DA:170,4
DA:171,1
DA:172,0
DA:175,1
DA:176,1
DA:177,2
DA:178,4
DA:189,1
DA:190,1
DA:192,1
DA:193,1
DA:194,1
DA:195,1
DA:200,1
DA:204,1
DA:205,1
DA:206,1
DA:207,1
DA:208,1
DA:213,1
DA:220,1
DA:221,1
DA:222,2
DA:223,2
DA:224,3
LF:68
LH:64
end_of_record
SF:lib/form_layout/models/toolbox.dart
DA:15,1
DA:20,0
DA:23,0
DA:24,0
DA:25,0
DA:26,0
DA:28,0
DA:29,0
DA:38,1
DA:43,1
DA:44,5
DA:48,0
DA:49,0
DA:50,0
DA:51,0
DA:52,0
DA:59,0
DA:60,0
DA:61,0
DA:68,1
DA:69,2
DA:72,0
DA:75,0
DA:76,0
DA:77,0
DA:79,0
DA:80,0
LF:27
LH:6
end_of_record
SF:lib/form_layout/widgets/grid_drag_target.dart
DA:50,5
DA:65,5
DA:66,5
DA:92,0
DA:93,0
DA:96,0
DA:97,0
DA:100,0
DA:101,0
DA:104,0
DA:105,0
DA:108,0
DA:109,0
DA:111,0
DA:115,0
DA:118,0
DA:119,0
DA:120,0
DA:121,0
DA:122,0
DA:131,0
DA:133,0
DA:134,0
DA:135,0
DA:140,0
DA:150,0
DA:151,0
DA:154,0
DA:163,0
DA:165,0
DA:166,0
DA:167,0
DA:168,0
DA:173,0
DA:175,0
DA:176,0
DA:177,0
DA:178,0
DA:183,0
DA:184,0
DA:185,0
DA:186,0
DA:187,0
DA:190,0
DA:191,0
DA:192,0
DA:193,0
DA:194,0
DA:197,0
DA:198,0
DA:199,0
DA:200,0
DA:201,0
DA:206,0
DA:208,0
DA:209,0
DA:210,0
DA:211,0
DA:212,0
DA:217,0
DA:219,0
DA:220,0
DA:221,0
DA:222,0
DA:223,0
DA:228,0
DA:229,0
DA:230,0
DA:231,0
DA:232,0
DA:235,0
DA:236,0
DA:237,0
DA:238,0
DA:239,0
DA:240,0
DA:243,0
DA:244,0
DA:245,0
DA:246,0
DA:247,0
DA:252,0
DA:253,0
DA:254,0
DA:257,0
DA:260,0
DA:261,0
DA:262,0
DA:264,0
DA:265,0
DA:268,0
DA:269,0
DA:270,0
DA:271,0
DA:274,0
DA:275,0
DA:276,0
DA:277,0
DA:278,0
DA:280,0
DA:281,0
DA:282,0
DA:284,0
DA:285,0
DA:286,0
DA:287,0
DA:289,0
DA:290,0
DA:291,0
DA:293,0
DA:294,0
DA:296,0
DA:297,0
DA:298,0
DA:299,0
DA:301,0
DA:302,0
DA:304,0
DA:305,0
DA:306,0
DA:311,0
DA:312,0
DA:315,0
DA:316,0
DA:318,0
DA:327,0
DA:329,0
DA:330,0
DA:331,0
DA:332,0
DA:333,0
DA:334,0
DA:335,0
DA:341,0
DA:344,0
DA:345,0
DA:347,0
DA:348,0
DA:349,0
DA:350,0
DA:351,0
DA:354,0
DA:355,0
DA:356,0
DA:357,0
DA:358,0
DA:359,0
DA:362,0
DA:363,0
DA:364,0
DA:365,0
DA:366,0
DA:367,0
DA:368,0
DA:373,1
DA:374,1
DA:375,2
DA:376,2
DA:377,2
DA:381,5
DA:384,1
DA:385,1
DA:386,3
DA:394,5
DA:397,5
DA:398,10
DA:399,10
DA:400,10
DA:401,10
DA:402,5
DA:403,5
DA:404,0
DA:406,5
DA:407,5
DA:409,0
DA:412,0
DA:415,0
DA:418,10
DA:419,10
DA:423,5
DA:426,5
DA:427,5
DA:428,5
DA:429,10
DA:432,5
DA:433,5
DA:435,5
DA:436,0
DA:437,0
DA:439,0
DA:440,0
DA:441,0
DA:443,0
DA:445,0
DA:446,0
DA:447,0
DA:454,0
DA:455,0
DA:456,0
DA:457,0
DA:458,0
DA:461,0
DA:462,0
DA:464,0
DA:465,0
DA:466,0
DA:467,0
DA:468,0
DA:469,0
DA:472,5
DA:478,5
DA:479,0
DA:480,0
DA:482,0
DA:483,0
DA:484,0
DA:486,0
DA:487,0
DA:488,0
DA:489,0
DA:490,0
DA:497,0
DA:498,0
DA:499,0
DA:500,0
DA:501,0
DA:502,0
DA:503,0
DA:506,0
DA:507,0
DA:509,0
DA:510,0
DA:511,0
DA:512,0
DA:513,0
DA:514,0
DA:515,0
DA:516,0
DA:519,5
DA:520,5
DA:525,5
DA:526,0
DA:527,0
DA:529,0
DA:530,0
DA:531,0
DA:533,0
DA:535,0
DA:536,0
DA:537,0
DA:544,0
DA:545,0
DA:546,0
DA:547,0
DA:548,0
DA:551,0
DA:552,0
DA:554,0
DA:555,0
DA:556,0
DA:557,0
DA:558,0
DA:559,0
DA:562,5
DA:563,5
DA:572,5
DA:573,15
DA:574,10
LF:268
LH:42
end_of_record
SF:lib/form_layout/widgets/accessible_categorized_toolbox.dart
DA:33,1
DA:44,1
DA:45,1
DA:57,1
DA:59,1
DA:61,4
DA:62,7
DA:66,4
DA:67,2
DA:68,4
DA:73,1
DA:75,2
DA:76,3
DA:77,1
DA:79,1
DA:83,0
DA:84,0
DA:86,0
DA:89,0
DA:90,0
DA:92,0
DA:93,0
DA:98,0
DA:99,0
DA:104,0
DA:105,0
DA:112,0
DA:113,0
DA:114,0
DA:115,0
DA:116,0
DA:117,0
DA:118,0
DA:119,0
DA:122,0
DA:125,0
DA:126,0
DA:127,0
DA:128,0
DA:129,0
DA:130,0
DA:131,0
DA:132,0
DA:135,0
DA:138,0
DA:139,0
DA:140,0
DA:141,0
DA:142,0
DA:144,0
DA:145,0
DA:146,0
DA:151,0
DA:152,0
DA:153,0
DA:154,0
DA:155,0
DA:157,0
DA:161,0
DA:162,0
DA:163,0
DA:167,0
DA:168,0
DA:169,0
DA:170,0
DA:173,0
DA:175,0
DA:177,0
DA:178,0
DA:179,0
DA:185,1
DA:187,1
DA:188,1
DA:189,0
DA:190,1
DA:193,1
DA:194,2
DA:195,2
DA:196,4
DA:197,0
DA:198,0
DA:199,0
DA:201,1
DA:202,4
DA:203,3
DA:204,2
DA:206,1
DA:219,1
DA:226,1
DA:228,1
DA:229,2
DA:232,1
DA:234,3
DA:235,1
DA:237,1
DA:239,1
DA:241,1
DA:242,0
DA:243,0
DA:245,0
DA:247,0
DA:251,1
DA:252,1
DA:254,1
DA:255,1
DA:256,1
DA:262,1
DA:263,1
DA:264,1
DA:265,3
DA:276,1
DA:278,1
DA:280,1
DA:281,2
DA:282,2
DA:283,5
DA:284,1
DA:285,1
DA:286,2
DA:288,1
DA:293,1
DA:300,1
DA:302,1
DA:304,1
DA:305,0
DA:306,0
DA:308,0
DA:310,0
DA:314,1
DA:315,1
DA:317,1
DA:318,1
DA:319,1
DA:325,1
DA:326,1
DA:327,3
DA:337,1
DA:339,1
DA:341,1
DA:342,2
DA:343,2
DA:344,5
DA:345,1
DA:346,1
DA:347,2
DA:349,1
DA:354,1
DA:364,1
DA:369,1
DA:370,1
DA:371,1
DA:372,1
DA:375,1
DA:376,3
DA:377,1
DA:380,1
DA:383,1
DA:385,1
DA:386,2
DA:387,1
DA:389,1
DA:392,1
DA:393,3
DA:394,1
DA:395,3
DA:398,1
DA:400,2
DA:404,1
DA:406,1
DA:408,1
DA:409,0
DA:410,0
DA:412,0
DA:413,0
DA:414,0
DA:415,0
DA:416,0
DA:417,0
DA:422,0
DA:424,1
DA:426,1
DA:427,1
DA:428,1
DA:430,2
DA:433,1
DA:435,1
DA:436,1
DA:437,3
LF:188
LH:112
end_of_record
SF:lib/form_layout/widgets/animated_mode_switcher.dart
DA:21,2
DA:30,2
DA:32,4
DA:33,3
DA:36,2
DA:37,4
DA:38,4
DA:39,4
DA:40,4
DA:41,2
DA:42,4
DA:43,6
DA:48,2
DA:49,2
DA:51,2
DA:73,2
DA:81,2
DA:83,4
DA:84,0
DA:88,2
DA:89,2
DA:92,0
DA:95,0
DA:98,0
DA:103,2
DA:104,4
DA:105,4
DA:106,2
DA:107,2
DA:108,4
DA:109,4
DA:110,2
DA:111,2
DA:134,0
DA:143,0
DA:145,0
DA:146,0
DA:149,0
DA:150,0
DA:151,0
DA:152,0
DA:155,0
DA:156,0
DA:157,0
DA:158,0
DA:159,0
LF:46
LH:29
end_of_record
SF:lib/form_layout/widgets/accessible_toolbar.dart
DA:13,1
DA:19,1
DA:21,1
DA:23,1
DA:26,1
DA:28,1
DA:29,2
DA:30,1
DA:31,1
DA:32,1
DA:36,1
DA:37,1
DA:39,2
DA:40,1
DA:42,2
DA:44,2
DA:45,1
DA:46,2
DA:47,1
DA:49,1
DA:51,2
DA:52,0
DA:53,1
DA:59,1
DA:61,2
DA:63,2
DA:64,1
DA:65,2
DA:66,1
DA:68,1
DA:70,2
DA:71,0
DA:72,1
DA:83,1
DA:84,2
DA:87,2
DA:88,1
DA:89,1
DA:90,2
DA:91,1
DA:93,2
DA:98,1
DA:100,1
DA:101,2
DA:109,1
DA:112,1
DA:114,9
DA:116,1
DA:118,1
DA:119,2
DA:120,1
DA:122,1
DA:124,1
DA:125,1
DA:128,2
DA:132,1
DA:133,9
DA:134,3
DA:135,2
LF:59
LH:57
end_of_record
SF:lib/form_layout/widgets/grid_resize_controls.dart
DA:27,5
DA:38,5
DA:39,5
DA:49,0
DA:50,0
DA:53,0
DA:54,0
DA:55,0
DA:56,0
DA:58,0
DA:59,0
DA:60,0
DA:62,0
DA:63,0
DA:69,0
DA:70,0
DA:73,0
DA:74,0
DA:75,0
DA:76,0
DA:78,0
DA:79,0
DA:80,0
DA:82,0
DA:83,0
DA:89,1
DA:90,1
DA:91,3
DA:92,3
DA:95,3
DA:98,5
DA:100,5
DA:101,5
DA:103,10
DA:106,5
DA:109,5
DA:115,5
DA:116,5
DA:121,5
DA:123,0
DA:124,0
DA:125,5
DA:126,0
DA:127,5
DA:128,0
DA:129,5
DA:130,5
DA:131,10
DA:132,0
DA:133,5
DA:134,5
DA:135,10
DA:137,5
DA:141,5
DA:143,5
DA:144,5
DA:146,10
DA:152,5
DA:154,5
DA:155,20
DA:156,5
DA:158,10
DA:167,5
DA:168,5
DA:169,5
DA:171,30
DA:172,6
DA:176,5
DA:178,30
DA:179,6
DA:193,5
DA:194,5
DA:199,5
DA:201,0
DA:202,0
DA:203,5
DA:204,0
DA:205,5
DA:206,0
DA:207,5
DA:208,5
DA:209,10
DA:210,0
DA:211,5
DA:212,5
DA:213,10
DA:215,5
DA:219,5
DA:221,5
DA:222,5
DA:224,5
DA:226,10
DA:233,5
DA:234,20
DA:235,5
DA:237,10
DA:245,5
DA:246,5
DA:247,5
DA:249,30
DA:250,6
DA:254,5
DA:256,30
DA:257,6
DA:271,5
DA:275,5
DA:278,5
DA:282,5
DA:286,5
DA:287,5
DA:289,5
DA:290,5
LF:112
LH:80
end_of_record
SF:lib/form_layout/widgets/error_display.dart
DA:22,1
DA:28,1
DA:31,1
DA:32,1
DA:34,1
DA:35,1
DA:37,0
DA:40,0
DA:46,1
DA:51,1
DA:52,2
DA:58,1
DA:59,1
DA:60,1
DA:64,1
DA:65,1
DA:69,1
DA:70,1
DA:76,2
DA:77,1
DA:78,1
DA:79,1
DA:80,1
DA:82,1
DA:83,1
DA:84,1
DA:85,1
DA:92,2
DA:93,1
DA:96,1
DA:97,2
DA:98,1
DA:102,1
DA:103,2
DA:109,1
DA:114,1
DA:120,1
DA:121,1
DA:123,2
DA:126,0
DA:131,0
DA:133,0
DA:138,1
DA:140,2
DA:141,1
DA:142,1
DA:143,2
DA:144,1
DA:145,1
DA:146,0
DA:147,0
DA:148,0
DA:163,2
DA:169,1
DA:171,3
DA:172,1
DA:175,1
DA:181,2
DA:182,1
DA:183,2
DA:184,3
DA:187,1
DA:189,1
DA:192,0
DA:193,0
DA:194,0
DA:199,1
DA:200,1
DA:201,1
DA:202,1
DA:203,1
DA:204,1
DA:207,1
DA:209,1
DA:212,1
DA:213,2
DA:214,1
DA:216,1
DA:220,1
DA:238,2
DA:244,1
DA:246,3
DA:250,1
DA:251,2
DA:257,2
DA:258,1
DA:259,2
DA:260,2
DA:263,1
DA:264,1
DA:265,1
DA:268,0
DA:269,0
DA:270,0
DA:275,1
DA:277,1
DA:278,1
DA:280,1
DA:281,1
DA:282,1
DA:284,1
DA:285,1
DA:286,2
DA:287,3
DA:293,1
DA:294,1
DA:295,1
DA:296,1
LF:108
LH:94
end_of_record
SF:lib/form_layout/widgets/form_layout_error.dart
DA:22,2
DA:30,1
DA:31,1
DA:35,1
DA:36,1
DA:37,2
DA:46,1
DA:47,2
DA:48,1
DA:49,1
DA:50,1
DA:52,3
DA:55,1
DA:56,2
DA:57,1
DA:58,1
DA:59,1
DA:63,1
DA:65,2
DA:66,2
DA:67,5
DA:70,1
DA:73,2
DA:76,1
DA:77,1
DA:78,2
DA:80,1
DA:81,2
DA:82,1
DA:83,1
DA:84,1
DA:87,1
DA:89,1
DA:91,1
DA:92,1
DA:94,1
DA:95,1
DA:98,2
DA:101,1
DA:103,2
DA:107,1
DA:110,2
DA:113,4
DA:115,1
DA:117,1
DA:118,1
DA:119,1
DA:121,1
DA:123,1
DA:124,1
DA:126,3
DA:131,1
DA:132,2
DA:133,3
DA:137,2
DA:139,1
DA:141,3
DA:146,1
DA:148,1
DA:149,1
DA:150,2
DA:151,3
DA:162,1
DA:163,1
DA:165,1
DA:166,1
DA:167,0
DA:175,1
DA:176,1
DA:196,1
DA:201,1
LF:71
LH:70
end_of_record
SF:lib/form_layout/widgets/form_preview.dart
DA:20,1
DA:28,1
DA:30,1
DA:31,1
DA:32,3
DA:33,1
DA:34,2
DA:38,1
DA:39,1
DA:41,1
DA:42,1
DA:43,1
DA:44,3
DA:45,2
DA:47,1
DA:48,3
DA:49,2
DA:53,1
DA:56,1
DA:57,1
DA:60,1
DA:62,1
DA:63,2
DA:64,1
DA:66,1
DA:68,4
DA:69,3
DA:81,1
DA:82,1
DA:83,5
DA:84,2
DA:85,5
DA:86,2
DA:87,2
DA:90,1
DA:94,1
DA:95,4
DA:97,3
DA:101,1
DA:102,2
DA:105,1
DA:108,2
DA:109,1
DA:113,1
DA:115,4
DA:116,3
DA:120,1
DA:121,4
DA:122,1
DA:123,4
DA:125,1
DA:129,1
DA:130,1
DA:131,1
DA:132,1
DA:133,1
DA:134,1
DA:137,1
DA:139,1
DA:140,1
DA:142,1
DA:146,1
DA:147,1
DA:148,1
DA:149,1
LF:65
LH:65
end_of_record
SF:lib/form_layout/widgets/toolbox_widget.dart
DA:27,1
DA:38,1
DA:40,1
DA:41,1
DA:42,1
DA:43,1
DA:44,1
DA:45,1
DA:46,6
DA:52,1
DA:53,1
DA:54,1
DA:55,1
DA:56,1
DA:58,1
DA:60,1
DA:62,1
DA:66,1
DA:67,1
DA:70,1
DA:72,2
DA:78,1
DA:80,1
DA:81,1
DA:82,4
DA:96,1
DA:98,1
DA:100,1
DA:102,1
DA:104,1
DA:111,1
DA:115,0
DA:116,0
DA:117,1
DA:127,1
DA:129,1
DA:130,1
DA:136,1
DA:138,1
DA:139,0
DA:140,0
DA:141,1
DA:143,1
DA:144,1
DA:145,1
DA:146,1
DA:148,2
LF:47
LH:43
end_of_record
